<?xml version="1.0" encoding="UTF-8"?>
<!-- Generated by org.testng.reporters.JUnitReportReporter -->
<testsuite hostname="Geniee" failures="0" tests="8" name="checkoutForm.functionalityTest" time="21.276" errors="0" timestamp="2020-07-05T13:31:21 IST" skipped="0">
  <testcase classname="checkoutForm.functionalityTest" name="positiveTest" time="4.223"/>
  <testcase classname="checkoutForm.functionalityTest" name="eroorMessage_FirstName" time="2.499"/>
  <testcase classname="checkoutForm.functionalityTest" name="eroorMessage_LastName" time="2.610"/>
  <testcase classname="checkoutForm.functionalityTest" name="eroorMessage_eMail" time="2.436"/>
  <testcase classname="checkoutForm.functionalityTest" name="eroorMessage_address1" time="2.478"/>
  <testcase classname="checkoutForm.functionalityTest" name="eroorMessage_address2" time="2.459"/>
  <testcase classname="checkoutForm.functionalityTest" name="eroorMessage_zip" time="2.372"/>
  <testcase classname="checkoutForm.functionalityTest" name="checkBox_Validation" time="2.199"/>
</testsuite> <!-- checkoutForm.functionalityTest -->
